0 info it worked if it ends with ok
1 verbose cli [ '/Users/modernserf/.nvm/versions/node/v5.9.0/bin/node',
1 verbose cli   '/Users/modernserf/.nvm/versions/node/v5.9.0/bin/npm',
1 verbose cli   'run',
1 verbose cli   'lein-build' ]
2 info using npm@3.7.3
3 info using node@v5.9.0
4 verbose run-script [ 'prelein-build', 'lein-build', 'postlein-build' ]
5 info lifecycle critter-simulator@0.0.1~prelein-build: critter-simulator@0.0.1
6 silly lifecycle critter-simulator@0.0.1~prelein-build: no script for prelein-build, continuing
7 info lifecycle critter-simulator@0.0.1~lein-build: critter-simulator@0.0.1
8 verbose lifecycle critter-simulator@0.0.1~lein-build: unsafe-perm in lifecycle true
9 verbose lifecycle critter-simulator@0.0.1~lein-build: PATH: /Users/modernserf/.nvm/versions/node/v5.9.0/lib/node_modules/npm/bin/node-gyp-bin:/Users/modernserf/work/src/github.com/modernserf/critter-simulator/node_modules/.bin:/Users/modernserf/.nvm/versions/node/v5.9.0/bin:/Users/modernserf/.opam/system/bin:/Users/modernserf/.nvm/versions/node/v5.9.0/bin:/Applications/Postgres.app/Contents/Versions/9.4/bin:/usr/local/share/python:/Users/modernserf/Library/Haskell/bin:/usr/local/heroku/bin:/usr/local/share/npm/bin:/Users/modernserf/.rvm/bin:/Users/modernserf/.rbenv/shims:/usr/local/bin:/usr/bin:/bin:/usr/sbin:/sbin:/opt/X11/bin:/usr/local/go/bin:/usr/local/MacGPG2/bin
10 verbose lifecycle critter-simulator@0.0.1~lein-build: CWD: /Users/modernserf/work/src/github.com/modernserf/critter-simulator
11 silly lifecycle critter-simulator@0.0.1~lein-build: Args: [ '-c',
11 silly lifecycle   'rm -rf target/ && rm -rf resources/public/js/compiled/ && lein cljsbuild once min' ]
12 silly lifecycle critter-simulator@0.0.1~lein-build: Returned: code: 1  signal: null
13 info lifecycle critter-simulator@0.0.1~lein-build: Failed to exec lein-build script
14 verbose stack Error: critter-simulator@0.0.1 lein-build: `rm -rf target/ && rm -rf resources/public/js/compiled/ && lein cljsbuild once min`
14 verbose stack Exit status 1
14 verbose stack     at EventEmitter.<anonymous> (/Users/modernserf/.nvm/versions/node/v5.9.0/lib/node_modules/npm/lib/utils/lifecycle.js:239:16)
14 verbose stack     at emitTwo (events.js:100:13)
14 verbose stack     at EventEmitter.emit (events.js:185:7)
14 verbose stack     at ChildProcess.<anonymous> (/Users/modernserf/.nvm/versions/node/v5.9.0/lib/node_modules/npm/lib/utils/spawn.js:24:14)
14 verbose stack     at emitTwo (events.js:100:13)
14 verbose stack     at ChildProcess.emit (events.js:185:7)
14 verbose stack     at maybeClose (internal/child_process.js:850:16)
14 verbose stack     at Process.ChildProcess._handle.onexit (internal/child_process.js:215:5)
15 verbose pkgid critter-simulator@0.0.1
16 verbose cwd /Users/modernserf/work/src/github.com/modernserf/critter-simulator
17 error Darwin 15.3.0
18 error argv "/Users/modernserf/.nvm/versions/node/v5.9.0/bin/node" "/Users/modernserf/.nvm/versions/node/v5.9.0/bin/npm" "run" "lein-build"
19 error node v5.9.0
20 error npm  v3.7.3
21 error code ELIFECYCLE
22 error critter-simulator@0.0.1 lein-build: `rm -rf target/ && rm -rf resources/public/js/compiled/ && lein cljsbuild once min`
22 error Exit status 1
23 error Failed at the critter-simulator@0.0.1 lein-build script 'rm -rf target/ && rm -rf resources/public/js/compiled/ && lein cljsbuild once min'.
23 error Make sure you have the latest version of node.js and npm installed.
23 error If you do, this is most likely a problem with the critter-simulator package,
23 error not with npm itself.
23 error Tell the author that this fails on your system:
23 error     rm -rf target/ && rm -rf resources/public/js/compiled/ && lein cljsbuild once min
23 error You can get information on how to open an issue for this project with:
23 error     npm bugs critter-simulator
23 error Or if that isn't available, you can get their info via:
23 error     npm owner ls critter-simulator
23 error There is likely additional logging output above.
24 verbose exit [ 1, true ]
